<?xml version="1.0" encoding="UTF-8"?>
<!-- Generated by org.testng.reporters.JUnitXMLReporter -->
<testsuite ignored="0" hostname="DESKTOP-UO91GLQ" failures="0" tests="5" name="Default test" time="8.456" errors="0" timestamp="2022-12-10T00:08:25 IST">
  <testcase classname="com.api.test.APITEST" name="Test_CreatUsers03" time="6.258"/>
  <testcase classname="com.api.test.APITEST" name="Test_DeleteUser05" time="0.614"/>
  <testcase classname="com.api.test.APITEST" name="Test_ListUser01" time="0.472"/>
  <testcase classname="com.api.test.APITEST" name="Test_SingleUser02" time="0.409"/>
  <testcase classname="com.api.test.APITEST" name="Test_UpdateUsers04" time="0.62"/>
</testsuite> <!-- Default test -->
