<?xml version="1.0" encoding="UTF-8"?>
<testng-results ignored="0" total="5" passed="5" failed="0" skipped="0">
  <reporter-output>
  </reporter-output>
  <suite started-at="2022-12-10T00:08:17 IST" name="Default suite" finished-at="2022-12-10T00:08:25 IST" duration-ms="8456">
    <groups>
    </groups>
    <test started-at="2022-12-10T00:08:17 IST" name="Default test" finished-at="2022-12-10T00:08:25 IST" duration-ms="8456">
      <class name="com.api.test.APITEST">
        <test-method is-config="true" signature="init()[pri:0, instance:com.api.test.APITEST@7ea9e1e2]" started-at="2022-12-10T00:08:15 IST" name="init" finished-at="2022-12-10T00:08:17 IST" duration-ms="1564" status="PASS">
          <reporter-output>
          </reporter-output>
        </test-method> <!-- init -->
        <test-method signature="Test_CreatUsers03()[pri:0, instance:com.api.test.APITEST@7ea9e1e2]" started-at="2022-12-10T00:08:17 IST" name="Test_CreatUsers03" finished-at="2022-12-10T00:08:23 IST" duration-ms="6258" status="PASS">
          <reporter-output>
          </reporter-output>
        </test-method> <!-- Test_CreatUsers03 -->
        <test-method signature="Test_DeleteUser05()[pri:0, instance:com.api.test.APITEST@7ea9e1e2]" started-at="2022-12-10T00:08:23 IST" name="Test_DeleteUser05" finished-at="2022-12-10T00:08:24 IST" duration-ms="614" status="PASS">
          <reporter-output>
          </reporter-output>
        </test-method> <!-- Test_DeleteUser05 -->
        <test-method signature="Test_ListUser01()[pri:0, instance:com.api.test.APITEST@7ea9e1e2]" started-at="2022-12-10T00:08:24 IST" name="Test_ListUser01" finished-at="2022-12-10T00:08:24 IST" duration-ms="472" status="PASS">
          <reporter-output>
          </reporter-output>
        </test-method> <!-- Test_ListUser01 -->
        <test-method signature="Test_SingleUser02()[pri:0, instance:com.api.test.APITEST@7ea9e1e2]" started-at="2022-12-10T00:08:24 IST" name="Test_SingleUser02" finished-at="2022-12-10T00:08:25 IST" duration-ms="409" status="PASS">
          <reporter-output>
          </reporter-output>
        </test-method> <!-- Test_SingleUser02 -->
        <test-method signature="Test_UpdateUsers04()[pri:0, instance:com.api.test.APITEST@7ea9e1e2]" started-at="2022-12-10T00:08:25 IST" name="Test_UpdateUsers04" finished-at="2022-12-10T00:08:25 IST" duration-ms="620" status="PASS">
          <reporter-output>
          </reporter-output>
        </test-method> <!-- Test_UpdateUsers04 -->
        <test-method is-config="true" signature="closeapp()[pri:0, instance:com.api.test.APITEST@7ea9e1e2]" started-at="2022-12-10T00:08:25 IST" name="closeapp" finished-at="2022-12-10T00:08:25 IST" duration-ms="1" status="FAIL">
          <exception class="java.lang.NullPointerException">
            <full-stacktrace>
              <![CDATA[java.lang.NullPointerException
at com.vtiger.tests.Basetest.closeapp(Basetest.java:68)
at java.base/jdk.internal.reflect.NativeMethodAccessorImpl.invoke0(Native Method)
at java.base/jdk.internal.reflect.NativeMethodAccessorImpl.invoke(NativeMethodAccessorImpl.java:62)
at java.base/jdk.internal.reflect.DelegatingMethodAccessorImpl.invoke(DelegatingMethodAccessorImpl.java:43)
at java.base/java.lang.reflect.Method.invoke(Method.java:566)
at org.testng.internal.MethodInvocationHelper.invokeMethod(MethodInvocationHelper.java:133)
at org.testng.internal.MethodInvocationHelper.invokeMethodConsideringTimeout(MethodInvocationHelper.java:62)
at org.testng.internal.ConfigInvoker.invokeConfigurationMethod(ConfigInvoker.java:340)
at org.testng.internal.ConfigInvoker.invokeConfigurations(ConfigInvoker.java:294)
at org.testng.SuiteRunner.privateRun(SuiteRunner.java:369)
at org.testng.SuiteRunner.run(SuiteRunner.java:304)
at org.testng.SuiteRunnerWorker.runSuite(SuiteRunnerWorker.java:53)
at org.testng.SuiteRunnerWorker.run(SuiteRunnerWorker.java:96)
at org.testng.TestNG.runSuitesSequentially(TestNG.java:1180)
at org.testng.TestNG.runSuitesLocally(TestNG.java:1102)
at org.testng.TestNG.runSuites(TestNG.java:1032)
at org.testng.TestNG.run(TestNG.java:1000)
at org.testng.remote.AbstractRemoteTestNG.run(AbstractRemoteTestNG.java:115)
at org.testng.remote.RemoteTestNG.initAndRun(RemoteTestNG.java:251)
at org.testng.remote.RemoteTestNG.main(RemoteTestNG.java:77)
]]>
            </full-stacktrace>
          </exception> <!-- java.lang.NullPointerException -->
          <reporter-output>
          </reporter-output>
        </test-method> <!-- closeapp -->
      </class> <!-- com.api.test.APITEST -->
    </test> <!-- Default test -->
  </suite> <!-- Default suite -->
</testng-results>
